<?xml version="1.0" encoding="UTF-8"?>
<!-- Generated by org.testng.reporters.JUnitReportReporter -->
<testsuite skipped="0" hostname="TL0017" name="runner.Runner_CommerceStore" tests="1" failures="0" timestamp="2024-04-16T16:54:10 IST" time="38.613" errors="0">
  <testcase name="runScenario" time="38.613" classname="runner.Runner_CommerceStore"/>
  <system-out/>
</testsuite> <!-- runner.Runner_CommerceStore -->
